<?xml version="1.0" encoding="UTF-8"?>
<testng-results ignored="0" total="1" passed="1" failed="0" skipped="0">
  <reporter-output>
  </reporter-output>
  <suite started-at="2021-12-06T11:42:40 EST" name="Default suite" finished-at="2021-12-06T11:42:51 EST" duration-ms="11324">
    <groups>
    </groups>
    <test started-at="2021-12-06T11:42:40 EST" name="Default test" finished-at="2021-12-06T11:42:51 EST" duration-ms="11324">
      <class name="testCases.Homework_POM">
        <test-method signature="login()[pri:0, instance:testCases.Homework_POM@7d61eccf]" started-at="2021-12-06T11:42:40 EST" name="login" finished-at="2021-12-06T11:42:51 EST" duration-ms="11294" status="PASS">
          <reporter-output>
          </reporter-output>
        </test-method> <!-- login -->
      </class> <!-- testCases.Homework_POM -->
    </test> <!-- Default test -->
  </suite> <!-- Default suite -->
</testng-results>
