<?xml version="1.0" encoding="UTF-8"?>
<testng-results ignored="0" total="2" passed="2" failed="0" skipped="0">
  <reporter-output>
  </reporter-output>
  <suite started-at="2021-12-09T19:40:50 EST" name="Default suite" finished-at="2021-12-09T19:40:50 EST" duration-ms="85">
    <groups>
    </groups>
    <test started-at="2021-12-09T19:40:50 EST" name="Default test" finished-at="2021-12-09T19:40:50 EST" duration-ms="85">
      <class name="testCases.TestNG_Anotation">
        <test-method is-config="true" signature="beforeSuite()[pri:0, instance:testCases.TestNG_Anotation@5f2f577]" started-at="2021-12-09T19:40:50 EST" name="beforeSuite" finished-at="2021-12-09T19:40:50 EST" duration-ms="20" status="PASS">
          <reporter-output>
          </reporter-output>
        </test-method> <!-- beforeSuite -->
        <test-method is-config="true" signature="beforeTest()[pri:0, instance:testCases.TestNG_Anotation@5f2f577]" started-at="2021-12-09T19:40:50 EST" name="beforeTest" finished-at="2021-12-09T19:40:50 EST" duration-ms="1" status="PASS">
          <reporter-output>
          </reporter-output>
        </test-method> <!-- beforeTest -->
        <test-method is-config="true" signature="beforeClass()[pri:0, instance:testCases.TestNG_Anotation@5f2f577]" started-at="2021-12-09T19:40:50 EST" name="beforeClass" finished-at="2021-12-09T19:40:50 EST" duration-ms="1" status="PASS">
          <reporter-output>
          </reporter-output>
        </test-method> <!-- beforeClass -->
        <test-method is-config="true" signature="beforeMethod()[pri:0, instance:testCases.TestNG_Anotation@5f2f577]" started-at="2021-12-09T19:40:50 EST" name="beforeMethod" finished-at="2021-12-09T19:40:50 EST" duration-ms="0" status="PASS">
          <reporter-output>
          </reporter-output>
        </test-method> <!-- beforeMethod -->
        <test-method signature="Test1()[pri:0, instance:testCases.TestNG_Anotation@5f2f577]" started-at="2021-12-09T19:40:50 EST" name="Test1" finished-at="2021-12-09T19:40:50 EST" duration-ms="7" status="PASS">
          <reporter-output>
          </reporter-output>
        </test-method> <!-- Test1 -->
        <test-method is-config="true" signature="afterMethod()[pri:0, instance:testCases.TestNG_Anotation@5f2f577]" started-at="2021-12-09T19:40:50 EST" name="afterMethod" finished-at="2021-12-09T19:40:50 EST" duration-ms="1" status="PASS">
          <reporter-output>
          </reporter-output>
        </test-method> <!-- afterMethod -->
        <test-method is-config="true" signature="beforeMethod()[pri:0, instance:testCases.TestNG_Anotation@5f2f577]" started-at="2021-12-09T19:40:50 EST" name="beforeMethod" finished-at="2021-12-09T19:40:50 EST" duration-ms="1" status="PASS">
          <reporter-output>
          </reporter-output>
        </test-method> <!-- beforeMethod -->
        <test-method signature="Test2()[pri:0, instance:testCases.TestNG_Anotation@5f2f577]" started-at="2021-12-09T19:40:50 EST" name="Test2" finished-at="2021-12-09T19:40:50 EST" duration-ms="3" status="PASS">
          <reporter-output>
          </reporter-output>
        </test-method> <!-- Test2 -->
        <test-method is-config="true" signature="afterMethod()[pri:0, instance:testCases.TestNG_Anotation@5f2f577]" started-at="2021-12-09T19:40:50 EST" name="afterMethod" finished-at="2021-12-09T19:40:50 EST" duration-ms="0" status="PASS">
          <reporter-output>
          </reporter-output>
        </test-method> <!-- afterMethod -->
        <test-method is-config="true" signature="afterClass()[pri:0, instance:testCases.TestNG_Anotation@5f2f577]" started-at="2021-12-09T19:40:50 EST" name="afterClass" finished-at="2021-12-09T19:40:50 EST" duration-ms="0" status="PASS">
          <reporter-output>
          </reporter-output>
        </test-method> <!-- afterClass -->
        <test-method is-config="true" signature="afterTest()[pri:0, instance:testCases.TestNG_Anotation@5f2f577]" started-at="2021-12-09T19:40:50 EST" name="afterTest" finished-at="2021-12-09T19:40:50 EST" duration-ms="1" status="PASS">
          <reporter-output>
          </reporter-output>
        </test-method> <!-- afterTest -->
        <test-method is-config="true" signature="afterSuite()[pri:0, instance:testCases.TestNG_Anotation@5f2f577]" started-at="2021-12-09T19:40:50 EST" name="afterSuite" finished-at="2021-12-09T19:40:50 EST" duration-ms="0" status="PASS">
          <reporter-output>
          </reporter-output>
        </test-method> <!-- afterSuite -->
      </class> <!-- testCases.TestNG_Anotation -->
    </test> <!-- Default test -->
  </suite> <!-- Default suite -->
</testng-results>
